<?xml version="1.0" encoding="UTF-8"?>
<!-- Generated by org.testng.reporters.JUnitReportReporter -->
<testsuite skipped="0" hostname="LAPTOP-KSAVT6M7" name="testCases.Sample_Testng" tests="2" failures="0" timestamp="2020-05-23T20:54:14 IST" time="9.339" errors="0">
  <testcase name="clickReg" time="7.600" classname="testCases.Sample_Testng"/>
  <system-out/>
  <testcase name="filldata" time="1.739" classname="testCases.Sample_Testng"/>
  <system-out/>
</testsuite> <!-- testCases.Sample_Testng -->
